2024-04-29 16:01:59.794  INFO 3615 --- [main] edu.duke.ece651.team1.client.App         : Starting App using Java 17.0.10 on vcm-37154.vm.duke.edu with PID 3615 (/home/ht175/project-team-1/client/build/classes/java/main started by ht175 in /home/ht175/project-team-1/client)
2024-04-29 16:01:59.801  INFO 3615 --- [main] edu.duke.ece651.team1.client.App         : No active profile set, falling back to 1 default profile: "default"
2024-04-29 16:02:01.020  INFO 3615 --- [main] o.s.b.w.embedded.tomcat.TomcatWebServer  : Tomcat initialized with port(s): 8081 (https)
2024-04-29 16:02:01.033  INFO 3615 --- [main] o.apache.catalina.core.StandardService   : Starting service [Tomcat]
2024-04-29 16:02:01.034  INFO 3615 --- [main] org.apache.catalina.core.StandardEngine  : Starting Servlet engine: [Apache Tomcat/9.0.73]
2024-04-29 16:02:01.252  INFO 3615 --- [main] o.a.c.c.C.[Tomcat].[localhost].[/]       : Initializing Spring embedded WebApplicationContext
2024-04-29 16:02:01.253  INFO 3615 --- [main] w.s.c.ServletWebServerApplicationContext : Root WebApplicationContext: initialization completed in 1365 ms
2024-04-29 16:02:02.137  INFO 3615 --- [main] o.a.t.util.net.NioEndpoint.certificate   : Connector [https-jsse-nio-8081], TLS virtual host [_default_], certificate type [UNDEFINED] configured from [file:/home/ht175/project-team-1/client/build/resources/main/server.p12] using alias [tomcat] and with trust store [null]
2024-04-29 16:02:02.160  INFO 3615 --- [main] o.s.b.w.embedded.tomcat.TomcatWebServer  : Tomcat started on port(s): 8081 (https) with context path ''
2024-04-29 16:02:02.171  INFO 3615 --- [main] edu.duke.ece651.team1.client.App         : Started App in 2.775 seconds (JVM running for 3.249)
2024-04-29 16:02:32.848  INFO 3615 --- [https-jsse-nio-8081-exec-3] o.a.c.c.C.[Tomcat].[localhost].[/]       : Initializing Spring DispatcherServlet 'dispatcherServlet'
2024-04-29 16:02:32.848  INFO 3615 --- [https-jsse-nio-8081-exec-3] o.s.web.servlet.DispatcherServlet        : Initializing Servlet 'dispatcherServlet'
2024-04-29 16:02:32.849  INFO 3615 --- [https-jsse-nio-8081-exec-3] o.s.web.servlet.DispatcherServlet        : Completed initialization in 1 ms
2024-04-29 16:02:58.013 ERROR 3615 --- [https-jsse-nio-8081-exec-4] o.a.c.c.C.[.[.[/].[dispatcherServlet]    : Servlet.service() for servlet [dispatcherServlet] in context with path [] threw exception [Request processing failed; nested exception is java.lang.RuntimeException: Unexpected error during login: I/O error on POST request for "http://vcm-37154.vm.duke.edu:8080/api/login": Connection refused; nested exception is java.net.ConnectException: Connection refused] with root cause

java.lang.RuntimeException: Unexpected error during login: I/O error on POST request for "http://vcm-37154.vm.duke.edu:8080/api/login": Connection refused; nested exception is java.net.ConnectException: Connection refused
	at edu.duke.ece651.team1.client.service.UserService.authenticate(UserService.java:27) ~[main/:na]
	at edu.duke.ece651.team1.client.controller.SecurityController.login(SecurityController.java:42) ~[main/:na]
	at java.base/jdk.internal.reflect.NativeMethodAccessorImpl.invoke0(Native Method) ~[na:na]
	at java.base/jdk.internal.reflect.NativeMethodAccessorImpl.invoke(NativeMethodAccessorImpl.java:77) ~[na:na]
	at java.base/jdk.internal.reflect.DelegatingMethodAccessorImpl.invoke(DelegatingMethodAccessorImpl.java:43) ~[na:na]
	at java.base/java.lang.reflect.Method.invoke(Method.java:568) ~[na:na]
	at org.springframework.web.method.support.InvocableHandlerMethod.doInvoke(InvocableHandlerMethod.java:205) ~[spring-web-5.3.26.jar:5.3.26]
	at org.springframework.web.method.support.InvocableHandlerMethod.invokeForRequest(InvocableHandlerMethod.java:150) ~[spring-web-5.3.26.jar:5.3.26]
	at org.springframework.web.servlet.mvc.method.annotation.ServletInvocableHandlerMethod.invokeAndHandle(ServletInvocableHandlerMethod.java:117) ~[spring-webmvc-5.3.26.jar:5.3.26]
	at org.springframework.web.servlet.mvc.method.annotation.RequestMappingHandlerAdapter.invokeHandlerMethod(RequestMappingHandlerAdapter.java:895) ~[spring-webmvc-5.3.26.jar:5.3.26]
	at org.springframework.web.servlet.mvc.method.annotation.RequestMappingHandlerAdapter.handleInternal(RequestMappingHandlerAdapter.java:808) ~[spring-webmvc-5.3.26.jar:5.3.26]
	at org.springframework.web.servlet.mvc.method.AbstractHandlerMethodAdapter.handle(AbstractHandlerMethodAdapter.java:87) ~[spring-webmvc-5.3.26.jar:5.3.26]
	at org.springframework.web.servlet.DispatcherServlet.doDispatch(DispatcherServlet.java:1072) ~[spring-webmvc-5.3.26.jar:5.3.26]
	at org.springframework.web.servlet.DispatcherServlet.doService(DispatcherServlet.java:965) ~[spring-webmvc-5.3.26.jar:5.3.26]
	at org.springframework.web.servlet.FrameworkServlet.processRequest(FrameworkServlet.java:1006) ~[spring-webmvc-5.3.26.jar:5.3.26]
	at org.springframework.web.servlet.FrameworkServlet.doPost(FrameworkServlet.java:909) ~[spring-webmvc-5.3.26.jar:5.3.26]
	at javax.servlet.http.HttpServlet.service(HttpServlet.java:528) ~[tomcat-embed-core-9.0.73.jar:4.0.FR]
	at org.springframework.web.servlet.FrameworkServlet.service(FrameworkServlet.java:883) ~[spring-webmvc-5.3.26.jar:5.3.26]
	at javax.servlet.http.HttpServlet.service(HttpServlet.java:596) ~[tomcat-embed-core-9.0.73.jar:4.0.FR]
	at org.apache.catalina.core.ApplicationFilterChain.internalDoFilter(ApplicationFilterChain.java:209) ~[tomcat-embed-core-9.0.73.jar:9.0.73]
	at org.apache.catalina.core.ApplicationFilterChain.doFilter(ApplicationFilterChain.java:153) ~[tomcat-embed-core-9.0.73.jar:9.0.73]
	at org.apache.tomcat.websocket.server.WsFilter.doFilter(WsFilter.java:53) ~[tomcat-embed-websocket-9.0.73.jar:9.0.73]
	at org.apache.catalina.core.ApplicationFilterChain.internalDoFilter(ApplicationFilterChain.java:178) ~[tomcat-embed-core-9.0.73.jar:9.0.73]
	at org.apache.catalina.core.ApplicationFilterChain.doFilter(ApplicationFilterChain.java:153) ~[tomcat-embed-core-9.0.73.jar:9.0.73]
	at org.springframework.web.filter.RequestContextFilter.doFilterInternal(RequestContextFilter.java:100) ~[spring-web-5.3.26.jar:5.3.26]
	at org.springframework.web.filter.OncePerRequestFilter.doFilter(OncePerRequestFilter.java:117) ~[spring-web-5.3.26.jar:5.3.26]
	at org.apache.catalina.core.ApplicationFilterChain.internalDoFilter(ApplicationFilterChain.java:178) ~[tomcat-embed-core-9.0.73.jar:9.0.73]
	at org.apache.catalina.core.ApplicationFilterChain.doFilter(ApplicationFilterChain.java:153) ~[tomcat-embed-core-9.0.73.jar:9.0.73]
	at org.springframework.web.filter.FormContentFilter.doFilterInternal(FormContentFilter.java:93) ~[spring-web-5.3.26.jar:5.3.26]
	at org.springframework.web.filter.OncePerRequestFilter.doFilter(OncePerRequestFilter.java:117) ~[spring-web-5.3.26.jar:5.3.26]
	at org.apache.catalina.core.ApplicationFilterChain.internalDoFilter(ApplicationFilterChain.java:178) ~[tomcat-embed-core-9.0.73.jar:9.0.73]
	at org.apache.catalina.core.ApplicationFilterChain.doFilter(ApplicationFilterChain.java:153) ~[tomcat-embed-core-9.0.73.jar:9.0.73]
	at org.springframework.web.filter.CharacterEncodingFilter.doFilterInternal(CharacterEncodingFilter.java:201) ~[spring-web-5.3.26.jar:5.3.26]
	at org.springframework.web.filter.OncePerRequestFilter.doFilter(OncePerRequestFilter.java:117) ~[spring-web-5.3.26.jar:5.3.26]
	at org.apache.catalina.core.ApplicationFilterChain.internalDoFilter(ApplicationFilterChain.java:178) ~[tomcat-embed-core-9.0.73.jar:9.0.73]
	at org.apache.catalina.core.ApplicationFilterChain.doFilter(ApplicationFilterChain.java:153) ~[tomcat-embed-core-9.0.73.jar:9.0.73]
	at org.apache.catalina.core.StandardWrapperValve.invoke(StandardWrapperValve.java:167) ~[tomcat-embed-core-9.0.73.jar:9.0.73]
	at org.apache.catalina.core.StandardContextValve.invoke(StandardContextValve.java:90) ~[tomcat-embed-core-9.0.73.jar:9.0.73]
	at org.apache.catalina.authenticator.AuthenticatorBase.invoke(AuthenticatorBase.java:492) ~[tomcat-embed-core-9.0.73.jar:9.0.73]
	at org.apache.catalina.core.StandardHostValve.invoke(StandardHostValve.java:130) ~[tomcat-embed-core-9.0.73.jar:9.0.73]
	at org.apache.catalina.valves.ErrorReportValve.invoke(ErrorReportValve.java:93) ~[tomcat-embed-core-9.0.73.jar:9.0.73]
	at org.apache.catalina.core.StandardEngineValve.invoke(StandardEngineValve.java:74) ~[tomcat-embed-core-9.0.73.jar:9.0.73]
	at org.apache.catalina.connector.CoyoteAdapter.service(CoyoteAdapter.java:343) ~[tomcat-embed-core-9.0.73.jar:9.0.73]
	at org.apache.coyote.http11.Http11Processor.service(Http11Processor.java:389) ~[tomcat-embed-core-9.0.73.jar:9.0.73]
	at org.apache.coyote.AbstractProcessorLight.process(AbstractProcessorLight.java:63) ~[tomcat-embed-core-9.0.73.jar:9.0.73]
	at org.apache.coyote.AbstractProtocol$ConnectionHandler.process(AbstractProtocol.java:926) ~[tomcat-embed-core-9.0.73.jar:9.0.73]
	at org.apache.tomcat.util.net.NioEndpoint$SocketProcessor.doRun(NioEndpoint.java:1791) ~[tomcat-embed-core-9.0.73.jar:9.0.73]
	at org.apache.tomcat.util.net.SocketProcessorBase.run(SocketProcessorBase.java:49) ~[tomcat-embed-core-9.0.73.jar:9.0.73]
	at org.apache.tomcat.util.threads.ThreadPoolExecutor.runWorker(ThreadPoolExecutor.java:1191) ~[tomcat-embed-core-9.0.73.jar:9.0.73]
	at org.apache.tomcat.util.threads.ThreadPoolExecutor$Worker.run(ThreadPoolExecutor.java:659) ~[tomcat-embed-core-9.0.73.jar:9.0.73]
	at org.apache.tomcat.util.threads.TaskThread$WrappingRunnable.run(TaskThread.java:61) ~[tomcat-embed-core-9.0.73.jar:9.0.73]
	at java.base/java.lang.Thread.run(Thread.java:840) ~[na:na]

2024-04-29 16:14:03.395  INFO 12714 --- [main] edu.duke.ece651.team1.client.App         : Starting App using Java 17.0.10 on vcm-37154.vm.duke.edu with PID 12714 (/home/ht175/project-team-1/client/build/classes/java/main started by ht175 in /home/ht175/project-team-1/client)
2024-04-29 16:14:03.400  INFO 12714 --- [main] edu.duke.ece651.team1.client.App         : No active profile set, falling back to 1 default profile: "default"
2024-04-29 16:14:04.214  INFO 12714 --- [main] o.s.b.w.embedded.tomcat.TomcatWebServer  : Tomcat initialized with port(s): 8081 (https)
2024-04-29 16:14:04.225  INFO 12714 --- [main] o.apache.catalina.core.StandardService   : Starting service [Tomcat]
2024-04-29 16:14:04.226  INFO 12714 --- [main] org.apache.catalina.core.StandardEngine  : Starting Servlet engine: [Apache Tomcat/9.0.73]
2024-04-29 16:14:04.320  INFO 12714 --- [main] o.a.c.c.C.[Tomcat].[localhost].[/]       : Initializing Spring embedded WebApplicationContext
2024-04-29 16:14:04.320  INFO 12714 --- [main] w.s.c.ServletWebServerApplicationContext : Root WebApplicationContext: initialization completed in 855 ms
2024-04-29 16:14:05.084  INFO 12714 --- [main] o.a.t.util.net.NioEndpoint.certificate   : Connector [https-jsse-nio-8081], TLS virtual host [_default_], certificate type [UNDEFINED] configured from [file:/home/ht175/project-team-1/client/build/resources/main/server.p12] using alias [tomcat] and with trust store [null]
2024-04-29 16:14:05.094  INFO 12714 --- [main] o.s.b.w.embedded.tomcat.TomcatWebServer  : Tomcat started on port(s): 8081 (https) with context path ''
2024-04-29 16:14:05.104  INFO 12714 --- [main] edu.duke.ece651.team1.client.App         : Started App in 2.156 seconds (JVM running for 2.531)
2024-04-29 16:14:05.866  INFO 12714 --- [https-jsse-nio-8081-exec-4] o.a.c.c.C.[Tomcat].[localhost].[/]       : Initializing Spring DispatcherServlet 'dispatcherServlet'
2024-04-29 16:14:05.866  INFO 12714 --- [https-jsse-nio-8081-exec-4] o.s.web.servlet.DispatcherServlet        : Initializing Servlet 'dispatcherServlet'
2024-04-29 16:14:05.867  INFO 12714 --- [https-jsse-nio-8081-exec-4] o.s.web.servlet.DispatcherServlet        : Completed initialization in 1 ms
2024-04-29 16:32:13.139  WARN 26028 --- [main] ory$DuplicateJsonObjectContextCustomizer : 

Found multiple occurrences of org.json.JSONObject on the class path:

	jar:file:/home/ht175/.gradle/caches/modules-2/files-2.1/org.json/json/20210307/528c8df3757e8bcf151817b1d7b9b434f6aa08d5/json-20210307.jar!/org/json/JSONObject.class
	jar:file:/home/ht175/.gradle/caches/modules-2/files-2.1/com.vaadin.external.google/android-json/0.0.20131108.vaadin1/fa26d351fe62a6a17f5cda1287c1c6110dec413f/android-json-0.0.20131108.vaadin1.jar!/org/json/JSONObject.class
	jar:file:/home/ht175/.gradle/caches/modules-2/files-2.1/org.json/json/20211205/47032dcf2f69880f07dab3dc60b4b0ad97318308/json-20211205.jar!/org/json/JSONObject.class

You may wish to exclude one of them to ensure predictable runtime behavior

2024-04-29 16:32:13.163  INFO 26028 --- [main] e.d.e.t.client.service.TokenServiceTest  : Starting TokenServiceTest using Java 17.0.10 on vcm-37154.vm.duke.edu with PID 26028 (started by ht175 in /home/ht175/project-team-1/client)
2024-04-29 16:32:13.164  INFO 26028 --- [main] e.d.e.t.client.service.TokenServiceTest  : No active profile set, falling back to 1 default profile: "default"
2024-04-29 16:32:15.043  INFO 26028 --- [main] e.d.e.t.client.service.TokenServiceTest  : Started TokenServiceTest in 2.466 seconds (JVM running for 4.654)
2024-04-29 20:25:05.455  INFO 20601 --- [main] edu.duke.ece651.team1.client.App         : Starting App using Java 17.0.10 on vcm-37154.vm.duke.edu with PID 20601 (/home/ht175/project-team-1/client/build/classes/java/main started by ht175 in /home/ht175/project-team-1/client)
2024-04-29 20:25:05.459  INFO 20601 --- [main] edu.duke.ece651.team1.client.App         : No active profile set, falling back to 1 default profile: "default"
2024-04-29 20:25:06.493  INFO 20601 --- [main] o.s.b.w.embedded.tomcat.TomcatWebServer  : Tomcat initialized with port(s): 8081 (https)
2024-04-29 20:25:06.506  INFO 20601 --- [main] o.apache.catalina.core.StandardService   : Starting service [Tomcat]
2024-04-29 20:25:06.506  INFO 20601 --- [main] org.apache.catalina.core.StandardEngine  : Starting Servlet engine: [Apache Tomcat/9.0.73]
2024-04-29 20:25:06.654  INFO 20601 --- [main] o.a.c.c.C.[Tomcat].[localhost].[/]       : Initializing Spring embedded WebApplicationContext
2024-04-29 20:25:06.655  INFO 20601 --- [main] w.s.c.ServletWebServerApplicationContext : Root WebApplicationContext: initialization completed in 1136 ms
2024-04-29 20:25:07.425  INFO 20601 --- [main] o.a.t.util.net.NioEndpoint.certificate   : Connector [https-jsse-nio-8081], TLS virtual host [_default_], certificate type [UNDEFINED] configured from [file:/home/ht175/project-team-1/client/build/resources/main/server.p12] using alias [tomcat] and with trust store [null]
2024-04-29 20:25:07.436  INFO 20601 --- [main] o.s.b.w.embedded.tomcat.TomcatWebServer  : Tomcat started on port(s): 8081 (https) with context path ''
2024-04-29 20:25:07.448  INFO 20601 --- [main] edu.duke.ece651.team1.client.App         : Started App in 2.418 seconds (JVM running for 2.818)
2024-04-29 20:25:26.004  INFO 20601 --- [https-jsse-nio-8081-exec-2] o.a.c.c.C.[Tomcat].[localhost].[/]       : Initializing Spring DispatcherServlet 'dispatcherServlet'
2024-04-29 20:25:26.006  INFO 20601 --- [https-jsse-nio-8081-exec-2] o.s.web.servlet.DispatcherServlet        : Initializing Servlet 'dispatcherServlet'
2024-04-29 20:25:26.012  INFO 20601 --- [https-jsse-nio-8081-exec-2] o.s.web.servlet.DispatcherServlet        : Completed initialization in 6 ms
2024-04-29 20:25:31.999  INFO 20601 --- [https-jsse-nio-8081-exec-2] e.d.e.t.c.controller.SecurityController  : login success
2024-04-29 20:25:32.053  INFO 20601 --- [https-jsse-nio-8081-exec-6] e.d.e.t.c.controller.SecurityController  : course controller begin
2024-04-29 20:26:00.923  INFO 20601 --- [https-jsse-nio-8081-exec-4] e.d.e.t.c.controller.SecurityController  : login success
2024-04-29 20:26:00.962  INFO 20601 --- [https-jsse-nio-8081-exec-10] e.d.e.t.c.controller.SecurityController  : course controller begin
2024-04-29 20:26:11.891  INFO 20601 --- [https-jsse-nio-8081-exec-3] e.d.e.t.c.controller.SecurityController  : login success
2024-04-29 20:26:11.941  INFO 20601 --- [https-jsse-nio-8081-exec-8] e.d.e.t.c.controller.SecurityController  : course controller begin
2024-04-29 20:38:43.468  WARN 28032 --- [main] ory$DuplicateJsonObjectContextCustomizer : 

Found multiple occurrences of org.json.JSONObject on the class path:

	jar:file:/home/ht175/.gradle/caches/modules-2/files-2.1/org.json/json/20210307/528c8df3757e8bcf151817b1d7b9b434f6aa08d5/json-20210307.jar!/org/json/JSONObject.class
	jar:file:/home/ht175/.gradle/caches/modules-2/files-2.1/com.vaadin.external.google/android-json/0.0.20131108.vaadin1/fa26d351fe62a6a17f5cda1287c1c6110dec413f/android-json-0.0.20131108.vaadin1.jar!/org/json/JSONObject.class
	jar:file:/home/ht175/.gradle/caches/modules-2/files-2.1/org.json/json/20211205/47032dcf2f69880f07dab3dc60b4b0ad97318308/json-20211205.jar!/org/json/JSONObject.class

You may wish to exclude one of them to ensure predictable runtime behavior

2024-04-29 20:38:43.523  INFO 28032 --- [main] e.d.e.t.c.service.CookieServiceTest      : Starting CookieServiceTest using Java 17.0.10 on vcm-37154.vm.duke.edu with PID 28032 (started by ht175 in /home/ht175/project-team-1/client)
2024-04-29 20:38:43.528  INFO 28032 --- [main] e.d.e.t.c.service.CookieServiceTest      : No active profile set, falling back to 1 default profile: "default"
2024-04-29 20:38:45.534  INFO 28032 --- [main] e.d.e.t.c.service.CookieServiceTest      : Started CookieServiceTest in 2.729 seconds (JVM running for 4.677)
2024-04-29 20:39:23.138  WARN 28482 --- [Test worker] ory$DuplicateJsonObjectContextCustomizer : 

Found multiple occurrences of org.json.JSONObject on the class path:

	jar:file:/home/ht175/.gradle/caches/modules-2/files-2.1/org.json/json/20210307/528c8df3757e8bcf151817b1d7b9b434f6aa08d5/json-20210307.jar!/org/json/JSONObject.class
	jar:file:/home/ht175/.gradle/caches/modules-2/files-2.1/com.vaadin.external.google/android-json/0.0.20131108.vaadin1/fa26d351fe62a6a17f5cda1287c1c6110dec413f/android-json-0.0.20131108.vaadin1.jar!/org/json/JSONObject.class

You may wish to exclude one of them to ensure predictable runtime behavior

2024-04-29 20:39:23.146  INFO 28482 --- [Test worker] e.d.e.t.c.service.CookieServiceTest      : Starting CookieServiceTest using Java 17.0.10 on vcm-37154.vm.duke.edu with PID 28482 (started by ht175 in /home/ht175/project-team-1/client)
2024-04-29 20:39:23.147  INFO 28482 --- [Test worker] e.d.e.t.c.service.CookieServiceTest      : No active profile set, falling back to 1 default profile: "default"
2024-04-29 20:39:24.701  INFO 28482 --- [Test worker] e.d.e.t.c.service.CookieServiceTest      : Started CookieServiceTest in 1.847 seconds (JVM running for 7.745)
2024-04-29 20:39:24.789  INFO 28482 --- [Test worker] o.s.t.c.s.DefaultTestContextBootstrapper : Neither @ContextConfiguration nor @ContextHierarchy found for test class [edu.duke.ece651.team1.client.service.QRCodeServiceTest], using DelegatingSmartContextLoader
2024-04-29 20:39:24.790  INFO 28482 --- [Test worker] o.s.t.c.support.AbstractContextLoader    : Could not detect default resource locations for test class [edu.duke.ece651.team1.client.service.QRCodeServiceTest]: no resource found for suffixes {-context.xml}.
2024-04-29 20:39:24.791  INFO 28482 --- [Test worker] t.c.s.AnnotationConfigContextLoaderUtils : Could not detect default configuration classes for test class [edu.duke.ece651.team1.client.service.QRCodeServiceTest]: QRCodeServiceTest does not declare any static, non-private, non-final, nested classes annotated with @Configuration.
2024-04-29 20:39:24.792  INFO 28482 --- [Test worker] o.s.t.c.s.DefaultTestContextBootstrapper : Loaded default TestExecutionListener class names from location [META-INF/spring.factories]: [org.springframework.boot.test.autoconfigure.restdocs.RestDocsTestExecutionListener, org.springframework.boot.test.autoconfigure.web.client.MockRestServiceServerResetTestExecutionListener, org.springframework.boot.test.autoconfigure.web.servlet.MockMvcPrintOnlyOnFailureTestExecutionListener, org.springframework.boot.test.autoconfigure.web.servlet.WebDriverTestExecutionListener, org.springframework.boot.test.autoconfigure.webservices.client.MockWebServiceServerTestExecutionListener, org.springframework.boot.test.mock.mockito.MockitoTestExecutionListener, org.springframework.boot.test.mock.mockito.ResetMocksTestExecutionListener, org.springframework.test.context.web.ServletTestExecutionListener, org.springframework.test.context.support.DirtiesContextBeforeModesTestExecutionListener, org.springframework.test.context.event.ApplicationEventsTestExecutionListener, org.springframework.test.context.support.DependencyInjectionTestExecutionListener, org.springframework.test.context.support.DirtiesContextTestExecutionListener, org.springframework.test.context.transaction.TransactionalTestExecutionListener, org.springframework.test.context.jdbc.SqlScriptsTestExecutionListener, org.springframework.test.context.event.EventPublishingTestExecutionListener]
2024-04-29 20:39:24.793  INFO 28482 --- [Test worker] o.s.t.c.s.DefaultTestContextBootstrapper : Using TestExecutionListeners: [org.springframework.test.context.web.ServletTestExecutionListener@2a19c36b, org.springframework.test.context.support.DirtiesContextBeforeModesTestExecutionListener@38856d6e, org.springframework.test.context.event.ApplicationEventsTestExecutionListener@299ea986, org.springframework.boot.test.mock.mockito.MockitoTestExecutionListener@1dd9a3ae, org.springframework.test.context.support.DependencyInjectionTestExecutionListener@79bf39e5, org.springframework.test.context.support.DirtiesContextTestExecutionListener@6ac2c5a1, org.springframework.test.context.event.EventPublishingTestExecutionListener@364c93e6, org.springframework.boot.test.autoconfigure.restdocs.RestDocsTestExecutionListener@66589252, org.springframework.boot.test.autoconfigure.web.client.MockRestServiceServerResetTestExecutionListener@66a8ff6d, org.springframework.boot.test.autoconfigure.web.servlet.MockMvcPrintOnlyOnFailureTestExecutionListener@1abbc1d4, org.springframework.boot.test.autoconfigure.web.servlet.WebDriverTestExecutionListener@48bab2c6, org.springframework.boot.test.autoconfigure.webservices.client.MockWebServiceServerTestExecutionListener@6ad26381, org.springframework.boot.test.mock.mockito.ResetMocksTestExecutionListener@4b20aa21]
2024-04-29 20:39:24.800  WARN 28482 --- [Test worker] ory$DuplicateJsonObjectContextCustomizer : 

Found multiple occurrences of org.json.JSONObject on the class path:

	jar:file:/home/ht175/.gradle/caches/modules-2/files-2.1/org.json/json/20210307/528c8df3757e8bcf151817b1d7b9b434f6aa08d5/json-20210307.jar!/org/json/JSONObject.class
	jar:file:/home/ht175/.gradle/caches/modules-2/files-2.1/com.vaadin.external.google/android-json/0.0.20131108.vaadin1/fa26d351fe62a6a17f5cda1287c1c6110dec413f/android-json-0.0.20131108.vaadin1.jar!/org/json/JSONObject.class

You may wish to exclude one of them to ensure predictable runtime behavior

2024-04-29 20:39:24.993  INFO 28482 --- [Test worker] o.s.t.c.s.DefaultTestContextBootstrapper : Loaded default TestExecutionListener class names from location [META-INF/spring.factories]: [org.springframework.boot.test.autoconfigure.restdocs.RestDocsTestExecutionListener, org.springframework.boot.test.autoconfigure.web.client.MockRestServiceServerResetTestExecutionListener, org.springframework.boot.test.autoconfigure.web.servlet.MockMvcPrintOnlyOnFailureTestExecutionListener, org.springframework.boot.test.autoconfigure.web.servlet.WebDriverTestExecutionListener, org.springframework.boot.test.autoconfigure.webservices.client.MockWebServiceServerTestExecutionListener, org.springframework.boot.test.mock.mockito.MockitoTestExecutionListener, org.springframework.boot.test.mock.mockito.ResetMocksTestExecutionListener, org.springframework.test.context.web.ServletTestExecutionListener, org.springframework.test.context.support.DirtiesContextBeforeModesTestExecutionListener, org.springframework.test.context.event.ApplicationEventsTestExecutionListener, org.springframework.test.context.support.DependencyInjectionTestExecutionListener, org.springframework.test.context.support.DirtiesContextTestExecutionListener, org.springframework.test.context.transaction.TransactionalTestExecutionListener, org.springframework.test.context.jdbc.SqlScriptsTestExecutionListener, org.springframework.test.context.event.EventPublishingTestExecutionListener]
2024-04-29 20:39:24.996  INFO 28482 --- [Test worker] o.s.t.c.s.DefaultTestContextBootstrapper : Using TestExecutionListeners: [org.springframework.test.context.web.ServletTestExecutionListener@1fe7fa16, org.springframework.test.context.support.DirtiesContextBeforeModesTestExecutionListener@61503d00, org.springframework.test.context.event.ApplicationEventsTestExecutionListener@1fcfcf37, org.springframework.boot.test.mock.mockito.MockitoTestExecutionListener@3ebc6d8b, org.springframework.test.context.support.DependencyInjectionTestExecutionListener@1eab0700, org.springframework.test.context.support.DirtiesContextTestExecutionListener@7e7391e8, org.springframework.test.context.event.EventPublishingTestExecutionListener@1fa44f66, org.springframework.boot.test.autoconfigure.restdocs.RestDocsTestExecutionListener@4229b92c, org.springframework.boot.test.autoconfigure.web.client.MockRestServiceServerResetTestExecutionListener@47c356e, org.springframework.boot.test.autoconfigure.web.servlet.MockMvcPrintOnlyOnFailureTestExecutionListener@66e218d8, org.springframework.boot.test.autoconfigure.web.servlet.WebDriverTestExecutionListener@5b80b41d, org.springframework.boot.test.autoconfigure.webservices.client.MockWebServiceServerTestExecutionListener@54ef9698, org.springframework.boot.test.mock.mockito.ResetMocksTestExecutionListener@31dd0e2e]
2024-04-29 20:39:25.002  WARN 28482 --- [Test worker] ory$DuplicateJsonObjectContextCustomizer : 

Found multiple occurrences of org.json.JSONObject on the class path:

	jar:file:/home/ht175/.gradle/caches/modules-2/files-2.1/org.json/json/20210307/528c8df3757e8bcf151817b1d7b9b434f6aa08d5/json-20210307.jar!/org/json/JSONObject.class
	jar:file:/home/ht175/.gradle/caches/modules-2/files-2.1/com.vaadin.external.google/android-json/0.0.20131108.vaadin1/fa26d351fe62a6a17f5cda1287c1c6110dec413f/android-json-0.0.20131108.vaadin1.jar!/org/json/JSONObject.class

You may wish to exclude one of them to ensure predictable runtime behavior

2024-04-29 22:06:25.714  WARN 11204 --- [Test worker] ory$DuplicateJsonObjectContextCustomizer : 

Found multiple occurrences of org.json.JSONObject on the class path:

	jar:file:/Users/yilintao/.gradle/caches/modules-2/files-2.1/org.json/json/20210307/528c8df3757e8bcf151817b1d7b9b434f6aa08d5/json-20210307.jar!/org/json/JSONObject.class
	jar:file:/Users/yilintao/.gradle/caches/modules-2/files-2.1/com.vaadin.external.google/android-json/0.0.20131108.vaadin1/fa26d351fe62a6a17f5cda1287c1c6110dec413f/android-json-0.0.20131108.vaadin1.jar!/org/json/JSONObject.class

You may wish to exclude one of them to ensure predictable runtime behavior

2024-04-29 22:06:25.718  INFO 11204 --- [Test worker] e.d.e.t.c.service.CookieServiceTest      : Starting CookieServiceTest using Java 20 on Tobys-Mac-mini.lan with PID 11204 (started by yilintao in /Users/yilintao/Desktop/project-team-1/client)
2024-04-29 22:06:25.718  INFO 11204 --- [Test worker] e.d.e.t.c.service.CookieServiceTest      : No active profile set, falling back to 1 default profile: "default"
2024-04-29 22:06:26.227  INFO 11204 --- [Test worker] e.d.e.t.c.service.CookieServiceTest      : Started CookieServiceTest in 0.608 seconds (JVM running for 2.141)
2024-04-29 22:06:26.256  INFO 11204 --- [Test worker] o.s.t.c.s.DefaultTestContextBootstrapper : Neither @ContextConfiguration nor @ContextHierarchy found for test class [edu.duke.ece651.team1.client.service.QRCodeServiceTest], using DelegatingSmartContextLoader
2024-04-29 22:06:26.256  INFO 11204 --- [Test worker] o.s.t.c.support.AbstractContextLoader    : Could not detect default resource locations for test class [edu.duke.ece651.team1.client.service.QRCodeServiceTest]: no resource found for suffixes {-context.xml}.
2024-04-29 22:06:26.257  INFO 11204 --- [Test worker] t.c.s.AnnotationConfigContextLoaderUtils : Could not detect default configuration classes for test class [edu.duke.ece651.team1.client.service.QRCodeServiceTest]: QRCodeServiceTest does not declare any static, non-private, non-final, nested classes annotated with @Configuration.
2024-04-29 22:06:26.257  INFO 11204 --- [Test worker] o.s.t.c.s.DefaultTestContextBootstrapper : Loaded default TestExecutionListener class names from location [META-INF/spring.factories]: [org.springframework.boot.test.autoconfigure.restdocs.RestDocsTestExecutionListener, org.springframework.boot.test.autoconfigure.web.client.MockRestServiceServerResetTestExecutionListener, org.springframework.boot.test.autoconfigure.web.servlet.MockMvcPrintOnlyOnFailureTestExecutionListener, org.springframework.boot.test.autoconfigure.web.servlet.WebDriverTestExecutionListener, org.springframework.boot.test.autoconfigure.webservices.client.MockWebServiceServerTestExecutionListener, org.springframework.boot.test.mock.mockito.MockitoTestExecutionListener, org.springframework.boot.test.mock.mockito.ResetMocksTestExecutionListener, org.springframework.test.context.web.ServletTestExecutionListener, org.springframework.test.context.support.DirtiesContextBeforeModesTestExecutionListener, org.springframework.test.context.event.ApplicationEventsTestExecutionListener, org.springframework.test.context.support.DependencyInjectionTestExecutionListener, org.springframework.test.context.support.DirtiesContextTestExecutionListener, org.springframework.test.context.transaction.TransactionalTestExecutionListener, org.springframework.test.context.jdbc.SqlScriptsTestExecutionListener, org.springframework.test.context.event.EventPublishingTestExecutionListener]
2024-04-29 22:06:26.257  INFO 11204 --- [Test worker] o.s.t.c.s.DefaultTestContextBootstrapper : Using TestExecutionListeners: [org.springframework.test.context.web.ServletTestExecutionListener@f5167f0, org.springframework.test.context.support.DirtiesContextBeforeModesTestExecutionListener@1260c85e, org.springframework.test.context.event.ApplicationEventsTestExecutionListener@6b576ff8, org.springframework.boot.test.mock.mockito.MockitoTestExecutionListener@25e8a111, org.springframework.test.context.support.DependencyInjectionTestExecutionListener@21022cbb, org.springframework.test.context.support.DirtiesContextTestExecutionListener@353422fd, org.springframework.test.context.event.EventPublishingTestExecutionListener@654cb30c, org.springframework.boot.test.autoconfigure.restdocs.RestDocsTestExecutionListener@5cc669d, org.springframework.boot.test.autoconfigure.web.client.MockRestServiceServerResetTestExecutionListener@351be56b, org.springframework.boot.test.autoconfigure.web.servlet.MockMvcPrintOnlyOnFailureTestExecutionListener@212c0aff, org.springframework.boot.test.autoconfigure.web.servlet.WebDriverTestExecutionListener@21780905, org.springframework.boot.test.autoconfigure.webservices.client.MockWebServiceServerTestExecutionListener@47666b39, org.springframework.boot.test.mock.mockito.ResetMocksTestExecutionListener@2dbcee03]
2024-04-29 22:06:26.259  WARN 11204 --- [Test worker] ory$DuplicateJsonObjectContextCustomizer : 

Found multiple occurrences of org.json.JSONObject on the class path:

	jar:file:/Users/yilintao/.gradle/caches/modules-2/files-2.1/org.json/json/20210307/528c8df3757e8bcf151817b1d7b9b434f6aa08d5/json-20210307.jar!/org/json/JSONObject.class
	jar:file:/Users/yilintao/.gradle/caches/modules-2/files-2.1/com.vaadin.external.google/android-json/0.0.20131108.vaadin1/fa26d351fe62a6a17f5cda1287c1c6110dec413f/android-json-0.0.20131108.vaadin1.jar!/org/json/JSONObject.class

You may wish to exclude one of them to ensure predictable runtime behavior

2024-04-29 22:06:26.334  INFO 11204 --- [Test worker] o.s.t.c.s.DefaultTestContextBootstrapper : Loaded default TestExecutionListener class names from location [META-INF/spring.factories]: [org.springframework.boot.test.autoconfigure.restdocs.RestDocsTestExecutionListener, org.springframework.boot.test.autoconfigure.web.client.MockRestServiceServerResetTestExecutionListener, org.springframework.boot.test.autoconfigure.web.servlet.MockMvcPrintOnlyOnFailureTestExecutionListener, org.springframework.boot.test.autoconfigure.web.servlet.WebDriverTestExecutionListener, org.springframework.boot.test.autoconfigure.webservices.client.MockWebServiceServerTestExecutionListener, org.springframework.boot.test.mock.mockito.MockitoTestExecutionListener, org.springframework.boot.test.mock.mockito.ResetMocksTestExecutionListener, org.springframework.test.context.web.ServletTestExecutionListener, org.springframework.test.context.support.DirtiesContextBeforeModesTestExecutionListener, org.springframework.test.context.event.ApplicationEventsTestExecutionListener, org.springframework.test.context.support.DependencyInjectionTestExecutionListener, org.springframework.test.context.support.DirtiesContextTestExecutionListener, org.springframework.test.context.transaction.TransactionalTestExecutionListener, org.springframework.test.context.jdbc.SqlScriptsTestExecutionListener, org.springframework.test.context.event.EventPublishingTestExecutionListener]
2024-04-29 22:06:26.335  INFO 11204 --- [Test worker] o.s.t.c.s.DefaultTestContextBootstrapper : Using TestExecutionListeners: [org.springframework.test.context.web.ServletTestExecutionListener@197180a5, org.springframework.test.context.support.DirtiesContextBeforeModesTestExecutionListener@31028e45, org.springframework.test.context.event.ApplicationEventsTestExecutionListener@68f75a35, org.springframework.boot.test.mock.mockito.MockitoTestExecutionListener@50e0b472, org.springframework.test.context.support.DependencyInjectionTestExecutionListener@45017263, org.springframework.test.context.support.DirtiesContextTestExecutionListener@6054ac20, org.springframework.test.context.event.EventPublishingTestExecutionListener@32a074ed, org.springframework.boot.test.autoconfigure.restdocs.RestDocsTestExecutionListener@673605ef, org.springframework.boot.test.autoconfigure.web.client.MockRestServiceServerResetTestExecutionListener@29eaf100, org.springframework.boot.test.autoconfigure.web.servlet.MockMvcPrintOnlyOnFailureTestExecutionListener@6c1a6db1, org.springframework.boot.test.autoconfigure.web.servlet.WebDriverTestExecutionListener@5dac6bc3, org.springframework.boot.test.autoconfigure.webservices.client.MockWebServiceServerTestExecutionListener@a6204e4, org.springframework.boot.test.mock.mockito.ResetMocksTestExecutionListener@747e8659]
2024-04-29 22:06:26.335  WARN 11204 --- [Test worker] ory$DuplicateJsonObjectContextCustomizer : 

Found multiple occurrences of org.json.JSONObject on the class path:

	jar:file:/Users/yilintao/.gradle/caches/modules-2/files-2.1/org.json/json/20210307/528c8df3757e8bcf151817b1d7b9b434f6aa08d5/json-20210307.jar!/org/json/JSONObject.class
	jar:file:/Users/yilintao/.gradle/caches/modules-2/files-2.1/com.vaadin.external.google/android-json/0.0.20131108.vaadin1/fa26d351fe62a6a17f5cda1287c1c6110dec413f/android-json-0.0.20131108.vaadin1.jar!/org/json/JSONObject.class

You may wish to exclude one of them to ensure predictable runtime behavior

2024-04-29 22:27:04.815  WARN 30797 --- [Test worker] ory$DuplicateJsonObjectContextCustomizer : 

Found multiple occurrences of org.json.JSONObject on the class path:

	jar:file:/home/ht175/.gradle/caches/modules-2/files-2.1/org.json/json/20210307/528c8df3757e8bcf151817b1d7b9b434f6aa08d5/json-20210307.jar!/org/json/JSONObject.class
	jar:file:/home/ht175/.gradle/caches/modules-2/files-2.1/com.vaadin.external.google/android-json/0.0.20131108.vaadin1/fa26d351fe62a6a17f5cda1287c1c6110dec413f/android-json-0.0.20131108.vaadin1.jar!/org/json/JSONObject.class

You may wish to exclude one of them to ensure predictable runtime behavior

2024-04-29 22:27:04.827  INFO 30797 --- [Test worker] e.d.e.t.c.service.CookieServiceTest      : Starting CookieServiceTest using Java 17.0.10 on vcm-37154.vm.duke.edu with PID 30797 (started by ht175 in /home/ht175/project-team-1/client)
2024-04-29 22:27:04.829  INFO 30797 --- [Test worker] e.d.e.t.c.service.CookieServiceTest      : No active profile set, falling back to 1 default profile: "default"
2024-04-29 22:27:06.709  INFO 30797 --- [Test worker] e.d.e.t.c.service.CookieServiceTest      : Started CookieServiceTest in 2.239 seconds (JVM running for 9.025)
2024-04-29 22:27:06.810  INFO 30797 --- [Test worker] o.s.t.c.s.DefaultTestContextBootstrapper : Neither @ContextConfiguration nor @ContextHierarchy found for test class [edu.duke.ece651.team1.client.service.QRCodeServiceTest], using DelegatingSmartContextLoader
2024-04-29 22:27:06.810  INFO 30797 --- [Test worker] o.s.t.c.support.AbstractContextLoader    : Could not detect default resource locations for test class [edu.duke.ece651.team1.client.service.QRCodeServiceTest]: no resource found for suffixes {-context.xml}.
2024-04-29 22:27:06.811  INFO 30797 --- [Test worker] t.c.s.AnnotationConfigContextLoaderUtils : Could not detect default configuration classes for test class [edu.duke.ece651.team1.client.service.QRCodeServiceTest]: QRCodeServiceTest does not declare any static, non-private, non-final, nested classes annotated with @Configuration.
2024-04-29 22:27:06.812  INFO 30797 --- [Test worker] o.s.t.c.s.DefaultTestContextBootstrapper : Loaded default TestExecutionListener class names from location [META-INF/spring.factories]: [org.springframework.boot.test.autoconfigure.restdocs.RestDocsTestExecutionListener, org.springframework.boot.test.autoconfigure.web.client.MockRestServiceServerResetTestExecutionListener, org.springframework.boot.test.autoconfigure.web.servlet.MockMvcPrintOnlyOnFailureTestExecutionListener, org.springframework.boot.test.autoconfigure.web.servlet.WebDriverTestExecutionListener, org.springframework.boot.test.autoconfigure.webservices.client.MockWebServiceServerTestExecutionListener, org.springframework.boot.test.mock.mockito.MockitoTestExecutionListener, org.springframework.boot.test.mock.mockito.ResetMocksTestExecutionListener, org.springframework.test.context.web.ServletTestExecutionListener, org.springframework.test.context.support.DirtiesContextBeforeModesTestExecutionListener, org.springframework.test.context.event.ApplicationEventsTestExecutionListener, org.springframework.test.context.support.DependencyInjectionTestExecutionListener, org.springframework.test.context.support.DirtiesContextTestExecutionListener, org.springframework.test.context.transaction.TransactionalTestExecutionListener, org.springframework.test.context.jdbc.SqlScriptsTestExecutionListener, org.springframework.test.context.event.EventPublishingTestExecutionListener]
2024-04-29 22:27:06.813  INFO 30797 --- [Test worker] o.s.t.c.s.DefaultTestContextBootstrapper : Using TestExecutionListeners: [org.springframework.test.context.web.ServletTestExecutionListener@2a19c36b, org.springframework.test.context.support.DirtiesContextBeforeModesTestExecutionListener@38856d6e, org.springframework.test.context.event.ApplicationEventsTestExecutionListener@299ea986, org.springframework.boot.test.mock.mockito.MockitoTestExecutionListener@1dd9a3ae, org.springframework.test.context.support.DependencyInjectionTestExecutionListener@79bf39e5, org.springframework.test.context.support.DirtiesContextTestExecutionListener@6ac2c5a1, org.springframework.test.context.event.EventPublishingTestExecutionListener@364c93e6, org.springframework.boot.test.autoconfigure.restdocs.RestDocsTestExecutionListener@66589252, org.springframework.boot.test.autoconfigure.web.client.MockRestServiceServerResetTestExecutionListener@66a8ff6d, org.springframework.boot.test.autoconfigure.web.servlet.MockMvcPrintOnlyOnFailureTestExecutionListener@1abbc1d4, org.springframework.boot.test.autoconfigure.web.servlet.WebDriverTestExecutionListener@48bab2c6, org.springframework.boot.test.autoconfigure.webservices.client.MockWebServiceServerTestExecutionListener@6ad26381, org.springframework.boot.test.mock.mockito.ResetMocksTestExecutionListener@4b20aa21]
2024-04-29 22:27:06.818  WARN 30797 --- [Test worker] ory$DuplicateJsonObjectContextCustomizer : 

Found multiple occurrences of org.json.JSONObject on the class path:

	jar:file:/home/ht175/.gradle/caches/modules-2/files-2.1/org.json/json/20210307/528c8df3757e8bcf151817b1d7b9b434f6aa08d5/json-20210307.jar!/org/json/JSONObject.class
	jar:file:/home/ht175/.gradle/caches/modules-2/files-2.1/com.vaadin.external.google/android-json/0.0.20131108.vaadin1/fa26d351fe62a6a17f5cda1287c1c6110dec413f/android-json-0.0.20131108.vaadin1.jar!/org/json/JSONObject.class

You may wish to exclude one of them to ensure predictable runtime behavior

2024-04-29 22:27:07.079  INFO 30797 --- [Test worker] o.s.t.c.s.DefaultTestContextBootstrapper : Loaded default TestExecutionListener class names from location [META-INF/spring.factories]: [org.springframework.boot.test.autoconfigure.restdocs.RestDocsTestExecutionListener, org.springframework.boot.test.autoconfigure.web.client.MockRestServiceServerResetTestExecutionListener, org.springframework.boot.test.autoconfigure.web.servlet.MockMvcPrintOnlyOnFailureTestExecutionListener, org.springframework.boot.test.autoconfigure.web.servlet.WebDriverTestExecutionListener, org.springframework.boot.test.autoconfigure.webservices.client.MockWebServiceServerTestExecutionListener, org.springframework.boot.test.mock.mockito.MockitoTestExecutionListener, org.springframework.boot.test.mock.mockito.ResetMocksTestExecutionListener, org.springframework.test.context.web.ServletTestExecutionListener, org.springframework.test.context.support.DirtiesContextBeforeModesTestExecutionListener, org.springframework.test.context.event.ApplicationEventsTestExecutionListener, org.springframework.test.context.support.DependencyInjectionTestExecutionListener, org.springframework.test.context.support.DirtiesContextTestExecutionListener, org.springframework.test.context.transaction.TransactionalTestExecutionListener, org.springframework.test.context.jdbc.SqlScriptsTestExecutionListener, org.springframework.test.context.event.EventPublishingTestExecutionListener]
2024-04-29 22:27:07.080  INFO 30797 --- [Test worker] o.s.t.c.s.DefaultTestContextBootstrapper : Using TestExecutionListeners: [org.springframework.test.context.web.ServletTestExecutionListener@1fe7fa16, org.springframework.test.context.support.DirtiesContextBeforeModesTestExecutionListener@61503d00, org.springframework.test.context.event.ApplicationEventsTestExecutionListener@1fcfcf37, org.springframework.boot.test.mock.mockito.MockitoTestExecutionListener@3ebc6d8b, org.springframework.test.context.support.DependencyInjectionTestExecutionListener@1eab0700, org.springframework.test.context.support.DirtiesContextTestExecutionListener@7e7391e8, org.springframework.test.context.event.EventPublishingTestExecutionListener@1fa44f66, org.springframework.boot.test.autoconfigure.restdocs.RestDocsTestExecutionListener@4229b92c, org.springframework.boot.test.autoconfigure.web.client.MockRestServiceServerResetTestExecutionListener@47c356e, org.springframework.boot.test.autoconfigure.web.servlet.MockMvcPrintOnlyOnFailureTestExecutionListener@66e218d8, org.springframework.boot.test.autoconfigure.web.servlet.WebDriverTestExecutionListener@5b80b41d, org.springframework.boot.test.autoconfigure.webservices.client.MockWebServiceServerTestExecutionListener@54ef9698, org.springframework.boot.test.mock.mockito.ResetMocksTestExecutionListener@31dd0e2e]
2024-04-29 22:27:07.082  WARN 30797 --- [Test worker] ory$DuplicateJsonObjectContextCustomizer : 

Found multiple occurrences of org.json.JSONObject on the class path:

	jar:file:/home/ht175/.gradle/caches/modules-2/files-2.1/org.json/json/20210307/528c8df3757e8bcf151817b1d7b9b434f6aa08d5/json-20210307.jar!/org/json/JSONObject.class
	jar:file:/home/ht175/.gradle/caches/modules-2/files-2.1/com.vaadin.external.google/android-json/0.0.20131108.vaadin1/fa26d351fe62a6a17f5cda1287c1c6110dec413f/android-json-0.0.20131108.vaadin1.jar!/org/json/JSONObject.class

You may wish to exclude one of them to ensure predictable runtime behavior

2024-04-29 22:36:55.868  WARN 5423 --- [Test worker] ory$DuplicateJsonObjectContextCustomizer : 

Found multiple occurrences of org.json.JSONObject on the class path:

	jar:file:/home/ht175/.gradle/caches/modules-2/files-2.1/org.json/json/20210307/528c8df3757e8bcf151817b1d7b9b434f6aa08d5/json-20210307.jar!/org/json/JSONObject.class
	jar:file:/home/ht175/.gradle/caches/modules-2/files-2.1/com.vaadin.external.google/android-json/0.0.20131108.vaadin1/fa26d351fe62a6a17f5cda1287c1c6110dec413f/android-json-0.0.20131108.vaadin1.jar!/org/json/JSONObject.class

You may wish to exclude one of them to ensure predictable runtime behavior

2024-04-29 22:36:55.882  INFO 5423 --- [Test worker] e.d.e.t.c.service.CookieServiceTest      : Starting CookieServiceTest using Java 17.0.10 on vcm-37154.vm.duke.edu with PID 5423 (started by ht175 in /home/ht175/project-team-1/client)
2024-04-29 22:36:55.883  INFO 5423 --- [Test worker] e.d.e.t.c.service.CookieServiceTest      : No active profile set, falling back to 1 default profile: "default"
2024-04-29 22:36:57.907  INFO 5423 --- [Test worker] e.d.e.t.c.service.CookieServiceTest      : Started CookieServiceTest in 2.364 seconds (JVM running for 9.176)
2024-04-29 22:36:58.035  INFO 5423 --- [Test worker] o.s.t.c.s.DefaultTestContextBootstrapper : Neither @ContextConfiguration nor @ContextHierarchy found for test class [edu.duke.ece651.team1.client.service.QRCodeServiceTest], using DelegatingSmartContextLoader
2024-04-29 22:36:58.036  INFO 5423 --- [Test worker] o.s.t.c.support.AbstractContextLoader    : Could not detect default resource locations for test class [edu.duke.ece651.team1.client.service.QRCodeServiceTest]: no resource found for suffixes {-context.xml}.
2024-04-29 22:36:58.037  INFO 5423 --- [Test worker] t.c.s.AnnotationConfigContextLoaderUtils : Could not detect default configuration classes for test class [edu.duke.ece651.team1.client.service.QRCodeServiceTest]: QRCodeServiceTest does not declare any static, non-private, non-final, nested classes annotated with @Configuration.
2024-04-29 22:36:58.038  INFO 5423 --- [Test worker] o.s.t.c.s.DefaultTestContextBootstrapper : Loaded default TestExecutionListener class names from location [META-INF/spring.factories]: [org.springframework.boot.test.autoconfigure.restdocs.RestDocsTestExecutionListener, org.springframework.boot.test.autoconfigure.web.client.MockRestServiceServerResetTestExecutionListener, org.springframework.boot.test.autoconfigure.web.servlet.MockMvcPrintOnlyOnFailureTestExecutionListener, org.springframework.boot.test.autoconfigure.web.servlet.WebDriverTestExecutionListener, org.springframework.boot.test.autoconfigure.webservices.client.MockWebServiceServerTestExecutionListener, org.springframework.boot.test.mock.mockito.MockitoTestExecutionListener, org.springframework.boot.test.mock.mockito.ResetMocksTestExecutionListener, org.springframework.test.context.web.ServletTestExecutionListener, org.springframework.test.context.support.DirtiesContextBeforeModesTestExecutionListener, org.springframework.test.context.event.ApplicationEventsTestExecutionListener, org.springframework.test.context.support.DependencyInjectionTestExecutionListener, org.springframework.test.context.support.DirtiesContextTestExecutionListener, org.springframework.test.context.transaction.TransactionalTestExecutionListener, org.springframework.test.context.jdbc.SqlScriptsTestExecutionListener, org.springframework.test.context.event.EventPublishingTestExecutionListener]
2024-04-29 22:36:58.039  INFO 5423 --- [Test worker] o.s.t.c.s.DefaultTestContextBootstrapper : Using TestExecutionListeners: [org.springframework.test.context.web.ServletTestExecutionListener@709d2a6c, org.springframework.test.context.support.DirtiesContextBeforeModesTestExecutionListener@3b50f432, org.springframework.test.context.event.ApplicationEventsTestExecutionListener@3fe5ad73, org.springframework.boot.test.mock.mockito.MockitoTestExecutionListener@f83d121, org.springframework.test.context.support.DependencyInjectionTestExecutionListener@165454f7, org.springframework.test.context.support.DirtiesContextTestExecutionListener@2a19c36b, org.springframework.test.context.event.EventPublishingTestExecutionListener@38856d6e, org.springframework.boot.test.autoconfigure.restdocs.RestDocsTestExecutionListener@299ea986, org.springframework.boot.test.autoconfigure.web.client.MockRestServiceServerResetTestExecutionListener@1dd9a3ae, org.springframework.boot.test.autoconfigure.web.servlet.MockMvcPrintOnlyOnFailureTestExecutionListener@79bf39e5, org.springframework.boot.test.autoconfigure.web.servlet.WebDriverTestExecutionListener@6ac2c5a1, org.springframework.boot.test.autoconfigure.webservices.client.MockWebServiceServerTestExecutionListener@364c93e6, org.springframework.boot.test.mock.mockito.ResetMocksTestExecutionListener@66589252]
2024-04-29 22:36:58.044  WARN 5423 --- [Test worker] ory$DuplicateJsonObjectContextCustomizer : 

Found multiple occurrences of org.json.JSONObject on the class path:

	jar:file:/home/ht175/.gradle/caches/modules-2/files-2.1/org.json/json/20210307/528c8df3757e8bcf151817b1d7b9b434f6aa08d5/json-20210307.jar!/org/json/JSONObject.class
	jar:file:/home/ht175/.gradle/caches/modules-2/files-2.1/com.vaadin.external.google/android-json/0.0.20131108.vaadin1/fa26d351fe62a6a17f5cda1287c1c6110dec413f/android-json-0.0.20131108.vaadin1.jar!/org/json/JSONObject.class

You may wish to exclude one of them to ensure predictable runtime behavior

2024-04-29 22:36:58.272  INFO 5423 --- [Test worker] o.s.t.c.s.DefaultTestContextBootstrapper : Loaded default TestExecutionListener class names from location [META-INF/spring.factories]: [org.springframework.boot.test.autoconfigure.restdocs.RestDocsTestExecutionListener, org.springframework.boot.test.autoconfigure.web.client.MockRestServiceServerResetTestExecutionListener, org.springframework.boot.test.autoconfigure.web.servlet.MockMvcPrintOnlyOnFailureTestExecutionListener, org.springframework.boot.test.autoconfigure.web.servlet.WebDriverTestExecutionListener, org.springframework.boot.test.autoconfigure.webservices.client.MockWebServiceServerTestExecutionListener, org.springframework.boot.test.mock.mockito.MockitoTestExecutionListener, org.springframework.boot.test.mock.mockito.ResetMocksTestExecutionListener, org.springframework.test.context.web.ServletTestExecutionListener, org.springframework.test.context.support.DirtiesContextBeforeModesTestExecutionListener, org.springframework.test.context.event.ApplicationEventsTestExecutionListener, org.springframework.test.context.support.DependencyInjectionTestExecutionListener, org.springframework.test.context.support.DirtiesContextTestExecutionListener, org.springframework.test.context.transaction.TransactionalTestExecutionListener, org.springframework.test.context.jdbc.SqlScriptsTestExecutionListener, org.springframework.test.context.event.EventPublishingTestExecutionListener]
2024-04-29 22:36:58.273  INFO 5423 --- [Test worker] o.s.t.c.s.DefaultTestContextBootstrapper : Using TestExecutionListeners: [org.springframework.test.context.web.ServletTestExecutionListener@5737d116, org.springframework.test.context.support.DirtiesContextBeforeModesTestExecutionListener@b5d7233, org.springframework.test.context.event.ApplicationEventsTestExecutionListener@6be2b567, org.springframework.boot.test.mock.mockito.MockitoTestExecutionListener@169d1f92, org.springframework.test.context.support.DependencyInjectionTestExecutionListener@7fcbc336, org.springframework.test.context.support.DirtiesContextTestExecutionListener@1fe7fa16, org.springframework.test.context.event.EventPublishingTestExecutionListener@61503d00, org.springframework.boot.test.autoconfigure.restdocs.RestDocsTestExecutionListener@1fcfcf37, org.springframework.boot.test.autoconfigure.web.client.MockRestServiceServerResetTestExecutionListener@3ebc6d8b, org.springframework.boot.test.autoconfigure.web.servlet.MockMvcPrintOnlyOnFailureTestExecutionListener@1eab0700, org.springframework.boot.test.autoconfigure.web.servlet.WebDriverTestExecutionListener@7e7391e8, org.springframework.boot.test.autoconfigure.webservices.client.MockWebServiceServerTestExecutionListener@1fa44f66, org.springframework.boot.test.mock.mockito.ResetMocksTestExecutionListener@4229b92c]
2024-04-29 22:36:58.275  WARN 5423 --- [Test worker] ory$DuplicateJsonObjectContextCustomizer : 

Found multiple occurrences of org.json.JSONObject on the class path:

	jar:file:/home/ht175/.gradle/caches/modules-2/files-2.1/org.json/json/20210307/528c8df3757e8bcf151817b1d7b9b434f6aa08d5/json-20210307.jar!/org/json/JSONObject.class
	jar:file:/home/ht175/.gradle/caches/modules-2/files-2.1/com.vaadin.external.google/android-json/0.0.20131108.vaadin1/fa26d351fe62a6a17f5cda1287c1c6110dec413f/android-json-0.0.20131108.vaadin1.jar!/org/json/JSONObject.class

You may wish to exclude one of them to ensure predictable runtime behavior

2024-04-29 22:59:27.574  WARN 19112 --- [Test worker] ory$DuplicateJsonObjectContextCustomizer : 

Found multiple occurrences of org.json.JSONObject on the class path:

	jar:file:/home/ht175/.gradle/caches/modules-2/files-2.1/org.json/json/20210307/528c8df3757e8bcf151817b1d7b9b434f6aa08d5/json-20210307.jar!/org/json/JSONObject.class
	jar:file:/home/ht175/.gradle/caches/modules-2/files-2.1/com.vaadin.external.google/android-json/0.0.20131108.vaadin1/fa26d351fe62a6a17f5cda1287c1c6110dec413f/android-json-0.0.20131108.vaadin1.jar!/org/json/JSONObject.class

You may wish to exclude one of them to ensure predictable runtime behavior

2024-04-29 22:59:27.587  INFO 19112 --- [Test worker] e.d.e.t.c.service.CookieServiceTest      : Starting CookieServiceTest using Java 17.0.10 on vcm-37154.vm.duke.edu with PID 19112 (started by ht175 in /home/ht175/project-team-1/client)
2024-04-29 22:59:27.589  INFO 19112 --- [Test worker] e.d.e.t.c.service.CookieServiceTest      : No active profile set, falling back to 1 default profile: "default"
2024-04-29 22:59:29.287  INFO 19112 --- [Test worker] e.d.e.t.c.service.CookieServiceTest      : Started CookieServiceTest in 2.036 seconds (JVM running for 11.557)
2024-04-29 22:59:29.370  INFO 19112 --- [Test worker] o.s.t.c.s.DefaultTestContextBootstrapper : Neither @ContextConfiguration nor @ContextHierarchy found for test class [edu.duke.ece651.team1.client.service.QRCodeServiceTest], using DelegatingSmartContextLoader
2024-04-29 22:59:29.371  INFO 19112 --- [Test worker] o.s.t.c.support.AbstractContextLoader    : Could not detect default resource locations for test class [edu.duke.ece651.team1.client.service.QRCodeServiceTest]: no resource found for suffixes {-context.xml}.
2024-04-29 22:59:29.371  INFO 19112 --- [Test worker] t.c.s.AnnotationConfigContextLoaderUtils : Could not detect default configuration classes for test class [edu.duke.ece651.team1.client.service.QRCodeServiceTest]: QRCodeServiceTest does not declare any static, non-private, non-final, nested classes annotated with @Configuration.
2024-04-29 22:59:29.372  INFO 19112 --- [Test worker] o.s.t.c.s.DefaultTestContextBootstrapper : Loaded default TestExecutionListener class names from location [META-INF/spring.factories]: [org.springframework.boot.test.autoconfigure.restdocs.RestDocsTestExecutionListener, org.springframework.boot.test.autoconfigure.web.client.MockRestServiceServerResetTestExecutionListener, org.springframework.boot.test.autoconfigure.web.servlet.MockMvcPrintOnlyOnFailureTestExecutionListener, org.springframework.boot.test.autoconfigure.web.servlet.WebDriverTestExecutionListener, org.springframework.boot.test.autoconfigure.webservices.client.MockWebServiceServerTestExecutionListener, org.springframework.boot.test.mock.mockito.MockitoTestExecutionListener, org.springframework.boot.test.mock.mockito.ResetMocksTestExecutionListener, org.springframework.test.context.web.ServletTestExecutionListener, org.springframework.test.context.support.DirtiesContextBeforeModesTestExecutionListener, org.springframework.test.context.event.ApplicationEventsTestExecutionListener, org.springframework.test.context.support.DependencyInjectionTestExecutionListener, org.springframework.test.context.support.DirtiesContextTestExecutionListener, org.springframework.test.context.transaction.TransactionalTestExecutionListener, org.springframework.test.context.jdbc.SqlScriptsTestExecutionListener, org.springframework.test.context.event.EventPublishingTestExecutionListener]
2024-04-29 22:59:29.373  INFO 19112 --- [Test worker] o.s.t.c.s.DefaultTestContextBootstrapper : Using TestExecutionListeners: [org.springframework.test.context.web.ServletTestExecutionListener@7acfcfc4, org.springframework.test.context.support.DirtiesContextBeforeModesTestExecutionListener@61fa3583, org.springframework.test.context.event.ApplicationEventsTestExecutionListener@709d2a6c, org.springframework.boot.test.mock.mockito.MockitoTestExecutionListener@3b50f432, org.springframework.test.context.support.DependencyInjectionTestExecutionListener@3fe5ad73, org.springframework.test.context.support.DirtiesContextTestExecutionListener@f83d121, org.springframework.test.context.event.EventPublishingTestExecutionListener@165454f7, org.springframework.boot.test.autoconfigure.restdocs.RestDocsTestExecutionListener@2a19c36b, org.springframework.boot.test.autoconfigure.web.client.MockRestServiceServerResetTestExecutionListener@38856d6e, org.springframework.boot.test.autoconfigure.web.servlet.MockMvcPrintOnlyOnFailureTestExecutionListener@299ea986, org.springframework.boot.test.autoconfigure.web.servlet.WebDriverTestExecutionListener@1dd9a3ae, org.springframework.boot.test.autoconfigure.webservices.client.MockWebServiceServerTestExecutionListener@79bf39e5, org.springframework.boot.test.mock.mockito.ResetMocksTestExecutionListener@6ac2c5a1]
2024-04-29 22:59:29.375  WARN 19112 --- [Test worker] ory$DuplicateJsonObjectContextCustomizer : 

Found multiple occurrences of org.json.JSONObject on the class path:

	jar:file:/home/ht175/.gradle/caches/modules-2/files-2.1/org.json/json/20210307/528c8df3757e8bcf151817b1d7b9b434f6aa08d5/json-20210307.jar!/org/json/JSONObject.class
	jar:file:/home/ht175/.gradle/caches/modules-2/files-2.1/com.vaadin.external.google/android-json/0.0.20131108.vaadin1/fa26d351fe62a6a17f5cda1287c1c6110dec413f/android-json-0.0.20131108.vaadin1.jar!/org/json/JSONObject.class

You may wish to exclude one of them to ensure predictable runtime behavior

2024-04-29 22:59:29.563  INFO 19112 --- [Test worker] o.s.t.c.s.DefaultTestContextBootstrapper : Loaded default TestExecutionListener class names from location [META-INF/spring.factories]: [org.springframework.boot.test.autoconfigure.restdocs.RestDocsTestExecutionListener, org.springframework.boot.test.autoconfigure.web.client.MockRestServiceServerResetTestExecutionListener, org.springframework.boot.test.autoconfigure.web.servlet.MockMvcPrintOnlyOnFailureTestExecutionListener, org.springframework.boot.test.autoconfigure.web.servlet.WebDriverTestExecutionListener, org.springframework.boot.test.autoconfigure.webservices.client.MockWebServiceServerTestExecutionListener, org.springframework.boot.test.mock.mockito.MockitoTestExecutionListener, org.springframework.boot.test.mock.mockito.ResetMocksTestExecutionListener, org.springframework.test.context.web.ServletTestExecutionListener, org.springframework.test.context.support.DirtiesContextBeforeModesTestExecutionListener, org.springframework.test.context.event.ApplicationEventsTestExecutionListener, org.springframework.test.context.support.DependencyInjectionTestExecutionListener, org.springframework.test.context.support.DirtiesContextTestExecutionListener, org.springframework.test.context.transaction.TransactionalTestExecutionListener, org.springframework.test.context.jdbc.SqlScriptsTestExecutionListener, org.springframework.test.context.event.EventPublishingTestExecutionListener]
2024-04-29 22:59:29.564  INFO 19112 --- [Test worker] o.s.t.c.s.DefaultTestContextBootstrapper : Using TestExecutionListeners: [org.springframework.test.context.web.ServletTestExecutionListener@7512a9a6, org.springframework.test.context.support.DirtiesContextBeforeModesTestExecutionListener@32fd5bc, org.springframework.test.context.event.ApplicationEventsTestExecutionListener@5737d116, org.springframework.boot.test.mock.mockito.MockitoTestExecutionListener@b5d7233, org.springframework.test.context.support.DependencyInjectionTestExecutionListener@6be2b567, org.springframework.test.context.support.DirtiesContextTestExecutionListener@169d1f92, org.springframework.test.context.event.EventPublishingTestExecutionListener@7fcbc336, org.springframework.boot.test.autoconfigure.restdocs.RestDocsTestExecutionListener@1fe7fa16, org.springframework.boot.test.autoconfigure.web.client.MockRestServiceServerResetTestExecutionListener@61503d00, org.springframework.boot.test.autoconfigure.web.servlet.MockMvcPrintOnlyOnFailureTestExecutionListener@1fcfcf37, org.springframework.boot.test.autoconfigure.web.servlet.WebDriverTestExecutionListener@3ebc6d8b, org.springframework.boot.test.autoconfigure.webservices.client.MockWebServiceServerTestExecutionListener@1eab0700, org.springframework.boot.test.mock.mockito.ResetMocksTestExecutionListener@7e7391e8]
2024-04-29 22:59:29.565  WARN 19112 --- [Test worker] ory$DuplicateJsonObjectContextCustomizer : 

Found multiple occurrences of org.json.JSONObject on the class path:

	jar:file:/home/ht175/.gradle/caches/modules-2/files-2.1/org.json/json/20210307/528c8df3757e8bcf151817b1d7b9b434f6aa08d5/json-20210307.jar!/org/json/JSONObject.class
	jar:file:/home/ht175/.gradle/caches/modules-2/files-2.1/com.vaadin.external.google/android-json/0.0.20131108.vaadin1/fa26d351fe62a6a17f5cda1287c1c6110dec413f/android-json-0.0.20131108.vaadin1.jar!/org/json/JSONObject.class

You may wish to exclude one of them to ensure predictable runtime behavior

2024-04-29 23:05:09.174  WARN 13780 --- [Test worker] ory$DuplicateJsonObjectContextCustomizer : 

Found multiple occurrences of org.json.JSONObject on the class path:

	jar:file:/Users/yilintao/.gradle/caches/modules-2/files-2.1/org.json/json/20210307/528c8df3757e8bcf151817b1d7b9b434f6aa08d5/json-20210307.jar!/org/json/JSONObject.class
	jar:file:/Users/yilintao/.gradle/caches/modules-2/files-2.1/com.vaadin.external.google/android-json/0.0.20131108.vaadin1/fa26d351fe62a6a17f5cda1287c1c6110dec413f/android-json-0.0.20131108.vaadin1.jar!/org/json/JSONObject.class

You may wish to exclude one of them to ensure predictable runtime behavior

2024-04-29 23:05:09.177  INFO 13780 --- [Test worker] e.d.e.t.c.service.CookieServiceTest      : Starting CookieServiceTest using Java 20 on Tobys-Mac-mini.lan with PID 13780 (started by yilintao in /Users/yilintao/Desktop/project-team-1/client)
2024-04-29 23:05:09.177  INFO 13780 --- [Test worker] e.d.e.t.c.service.CookieServiceTest      : No active profile set, falling back to 1 default profile: "default"
2024-04-29 23:05:09.697  INFO 13780 --- [Test worker] e.d.e.t.c.service.CookieServiceTest      : Started CookieServiceTest in 0.633 seconds (JVM running for 2.17)
2024-04-29 23:05:09.723  INFO 13780 --- [Test worker] o.s.t.c.s.DefaultTestContextBootstrapper : Neither @ContextConfiguration nor @ContextHierarchy found for test class [edu.duke.ece651.team1.client.service.QRCodeServiceTest], using DelegatingSmartContextLoader
2024-04-29 23:05:09.723  INFO 13780 --- [Test worker] o.s.t.c.support.AbstractContextLoader    : Could not detect default resource locations for test class [edu.duke.ece651.team1.client.service.QRCodeServiceTest]: no resource found for suffixes {-context.xml}.
2024-04-29 23:05:09.723  INFO 13780 --- [Test worker] t.c.s.AnnotationConfigContextLoaderUtils : Could not detect default configuration classes for test class [edu.duke.ece651.team1.client.service.QRCodeServiceTest]: QRCodeServiceTest does not declare any static, non-private, non-final, nested classes annotated with @Configuration.
2024-04-29 23:05:09.724  INFO 13780 --- [Test worker] o.s.t.c.s.DefaultTestContextBootstrapper : Loaded default TestExecutionListener class names from location [META-INF/spring.factories]: [org.springframework.boot.test.autoconfigure.restdocs.RestDocsTestExecutionListener, org.springframework.boot.test.autoconfigure.web.client.MockRestServiceServerResetTestExecutionListener, org.springframework.boot.test.autoconfigure.web.servlet.MockMvcPrintOnlyOnFailureTestExecutionListener, org.springframework.boot.test.autoconfigure.web.servlet.WebDriverTestExecutionListener, org.springframework.boot.test.autoconfigure.webservices.client.MockWebServiceServerTestExecutionListener, org.springframework.boot.test.mock.mockito.MockitoTestExecutionListener, org.springframework.boot.test.mock.mockito.ResetMocksTestExecutionListener, org.springframework.test.context.web.ServletTestExecutionListener, org.springframework.test.context.support.DirtiesContextBeforeModesTestExecutionListener, org.springframework.test.context.event.ApplicationEventsTestExecutionListener, org.springframework.test.context.support.DependencyInjectionTestExecutionListener, org.springframework.test.context.support.DirtiesContextTestExecutionListener, org.springframework.test.context.transaction.TransactionalTestExecutionListener, org.springframework.test.context.jdbc.SqlScriptsTestExecutionListener, org.springframework.test.context.event.EventPublishingTestExecutionListener]
2024-04-29 23:05:09.724  INFO 13780 --- [Test worker] o.s.t.c.s.DefaultTestContextBootstrapper : Using TestExecutionListeners: [org.springframework.test.context.web.ServletTestExecutionListener@6b576ff8, org.springframework.test.context.support.DirtiesContextBeforeModesTestExecutionListener@25e8a111, org.springframework.test.context.event.ApplicationEventsTestExecutionListener@21022cbb, org.springframework.boot.test.mock.mockito.MockitoTestExecutionListener@353422fd, org.springframework.test.context.support.DependencyInjectionTestExecutionListener@654cb30c, org.springframework.test.context.support.DirtiesContextTestExecutionListener@5cc669d, org.springframework.test.context.event.EventPublishingTestExecutionListener@351be56b, org.springframework.boot.test.autoconfigure.restdocs.RestDocsTestExecutionListener@212c0aff, org.springframework.boot.test.autoconfigure.web.client.MockRestServiceServerResetTestExecutionListener@21780905, org.springframework.boot.test.autoconfigure.web.servlet.MockMvcPrintOnlyOnFailureTestExecutionListener@47666b39, org.springframework.boot.test.autoconfigure.web.servlet.WebDriverTestExecutionListener@2dbcee03, org.springframework.boot.test.autoconfigure.webservices.client.MockWebServiceServerTestExecutionListener@6c8672b9, org.springframework.boot.test.mock.mockito.ResetMocksTestExecutionListener@dd77e0d]
2024-04-29 23:05:09.725  WARN 13780 --- [Test worker] ory$DuplicateJsonObjectContextCustomizer : 

Found multiple occurrences of org.json.JSONObject on the class path:

	jar:file:/Users/yilintao/.gradle/caches/modules-2/files-2.1/org.json/json/20210307/528c8df3757e8bcf151817b1d7b9b434f6aa08d5/json-20210307.jar!/org/json/JSONObject.class
	jar:file:/Users/yilintao/.gradle/caches/modules-2/files-2.1/com.vaadin.external.google/android-json/0.0.20131108.vaadin1/fa26d351fe62a6a17f5cda1287c1c6110dec413f/android-json-0.0.20131108.vaadin1.jar!/org/json/JSONObject.class

You may wish to exclude one of them to ensure predictable runtime behavior

2024-04-29 23:05:09.784  INFO 13780 --- [Test worker] o.s.t.c.s.DefaultTestContextBootstrapper : Loaded default TestExecutionListener class names from location [META-INF/spring.factories]: [org.springframework.boot.test.autoconfigure.restdocs.RestDocsTestExecutionListener, org.springframework.boot.test.autoconfigure.web.client.MockRestServiceServerResetTestExecutionListener, org.springframework.boot.test.autoconfigure.web.servlet.MockMvcPrintOnlyOnFailureTestExecutionListener, org.springframework.boot.test.autoconfigure.web.servlet.WebDriverTestExecutionListener, org.springframework.boot.test.autoconfigure.webservices.client.MockWebServiceServerTestExecutionListener, org.springframework.boot.test.mock.mockito.MockitoTestExecutionListener, org.springframework.boot.test.mock.mockito.ResetMocksTestExecutionListener, org.springframework.test.context.web.ServletTestExecutionListener, org.springframework.test.context.support.DirtiesContextBeforeModesTestExecutionListener, org.springframework.test.context.event.ApplicationEventsTestExecutionListener, org.springframework.test.context.support.DependencyInjectionTestExecutionListener, org.springframework.test.context.support.DirtiesContextTestExecutionListener, org.springframework.test.context.transaction.TransactionalTestExecutionListener, org.springframework.test.context.jdbc.SqlScriptsTestExecutionListener, org.springframework.test.context.event.EventPublishingTestExecutionListener]
2024-04-29 23:05:09.784  INFO 13780 --- [Test worker] o.s.t.c.s.DefaultTestContextBootstrapper : Using TestExecutionListeners: [org.springframework.test.context.web.ServletTestExecutionListener@68f75a35, org.springframework.test.context.support.DirtiesContextBeforeModesTestExecutionListener@50e0b472, org.springframework.test.context.event.ApplicationEventsTestExecutionListener@45017263, org.springframework.boot.test.mock.mockito.MockitoTestExecutionListener@6054ac20, org.springframework.test.context.support.DependencyInjectionTestExecutionListener@32a074ed, org.springframework.test.context.support.DirtiesContextTestExecutionListener@673605ef, org.springframework.test.context.event.EventPublishingTestExecutionListener@29eaf100, org.springframework.boot.test.autoconfigure.restdocs.RestDocsTestExecutionListener@6c1a6db1, org.springframework.boot.test.autoconfigure.web.client.MockRestServiceServerResetTestExecutionListener@5dac6bc3, org.springframework.boot.test.autoconfigure.web.servlet.MockMvcPrintOnlyOnFailureTestExecutionListener@a6204e4, org.springframework.boot.test.autoconfigure.web.servlet.WebDriverTestExecutionListener@747e8659, org.springframework.boot.test.autoconfigure.webservices.client.MockWebServiceServerTestExecutionListener@4b360a82, org.springframework.boot.test.mock.mockito.ResetMocksTestExecutionListener@75fa9254]
2024-04-29 23:05:09.785  WARN 13780 --- [Test worker] ory$DuplicateJsonObjectContextCustomizer : 

Found multiple occurrences of org.json.JSONObject on the class path:

	jar:file:/Users/yilintao/.gradle/caches/modules-2/files-2.1/org.json/json/20210307/528c8df3757e8bcf151817b1d7b9b434f6aa08d5/json-20210307.jar!/org/json/JSONObject.class
	jar:file:/Users/yilintao/.gradle/caches/modules-2/files-2.1/com.vaadin.external.google/android-json/0.0.20131108.vaadin1/fa26d351fe62a6a17f5cda1287c1c6110dec413f/android-json-0.0.20131108.vaadin1.jar!/org/json/JSONObject.class

You may wish to exclude one of them to ensure predictable runtime behavior

